<?xml version="1.0" encoding="UTF-8"?>
<!-- Generated by org.testng.reporters.JUnitReportReporter -->
<testsuite skipped="0" hostname="DESKTOP-9UOIO01" name="PracticeDemo.AppiumFramework.ToroAndroidAppTest" tests="1" failures="0" timestamp="2020-05-31T11:46:03 IST" time="66.249" errors="0">
  <testcase name="Login" time="66.249" classname="PracticeDemo.AppiumFramework.ToroAndroidAppTest"/>
  <system-out/>
</testsuite> <!-- PracticeDemo.AppiumFramework.ToroAndroidAppTest -->
