<?xml version="1.0" encoding="UTF-8"?>
<!-- Generated by org.testng.reporters.JUnitReportReporter -->
<testsuite skipped="0" hostname="DESKTOP-9UOIO01" name="PracticeDemo.AppiumFramework.AppTest" tests="1" failures="0" timestamp="2020-05-31T11:46:03 IST" time="0.030" errors="0">
  <testcase name="shouldAnswerWithTrue" time="0.030" classname="PracticeDemo.AppiumFramework.AppTest"/>
  <system-out/>
</testsuite> <!-- PracticeDemo.AppiumFramework.AppTest -->
