<?xml version="1.0" encoding="UTF-8"?>
<!-- Generated by org.testng.reporters.JUnitReportReporter -->
<testsuite skipped="0" hostname="DESKTOP-9UOIO01" name="PracticeDemo.AppiumFramework.ToroAndroidAppTest" tests="1" failures="0" timestamp="2020-06-07T11:43:04 IST" time="72.169" errors="0">
  <testcase name="Tutorial" time="72.169" classname="PracticeDemo.AppiumFramework.ToroAndroidAppTest"/>
  <system-out/>
</testsuite> <!-- PracticeDemo.AppiumFramework.ToroAndroidAppTest -->
