<?xml version="1.0" encoding="UTF-8"?>
<!-- Generated by org.testng.reporters.JUnitReportReporter -->
<testsuite skipped="0" hostname="DESKTOP-9UOIO01" name="PracticeDemo.AppiumFramework.ToroAndroidApp" tests="1" failures="0" timestamp="2020-05-30T19:03:32 IST" time="48.187" errors="0">
  <testcase name="Login" time="48.187" classname="PracticeDemo.AppiumFramework.ToroAndroidApp"/>
  <system-out/>
</testsuite> <!-- PracticeDemo.AppiumFramework.ToroAndroidApp -->
