<?xml version="1.0" encoding="UTF-8"?>
<!-- Generated by org.testng.reporters.JUnitReportReporter -->
<testsuite skipped="0" hostname="DESKTOP-9UOIO01" name="PracticeDemo.AppiumFramework.ToroAndroidApp" tests="1" failures="0" timestamp="2020-05-25T13:25:30 IST" time="31.359" errors="0">
  <testcase name="Login" time="31.359" classname="PracticeDemo.AppiumFramework.ToroAndroidApp"/>
  <system-out/>
</testsuite> <!-- PracticeDemo.AppiumFramework.ToroAndroidApp -->
