<?xml version="1.0" encoding="UTF-8"?>
<!-- Generated by org.testng.reporters.JUnitReportReporter -->
<testsuite skipped="0" hostname="DESKTOP-9UOIO01" name="PracticeDemo.AppiumFramework.ToroAppFunc" tests="1" failures="0" timestamp="2020-05-25T12:23:17 IST" time="29.502" errors="0">
  <testcase name="Login" time="29.502" classname="PracticeDemo.AppiumFramework.ToroAppFunc"/>
  <system-out/>
</testsuite> <!-- PracticeDemo.AppiumFramework.ToroAppFunc -->
